<?xml version="1.0" encoding="UTF-8"?>
<!-- Generated by org.testng.reporters.JUnitXMLReporter -->
<testsuite ignored="1" hostname="DESKTOP-UMO9EOT" failures="0" tests="3" name="Selenium23-08-2022" time="0.084" errors="0" timestamp="2022-09-17T01:07:39 IST">
  <testcase classname="TestNG.TestNG_Exception" name="g" time="0.008"/>
  <testcase classname="TestNG.TestNG_Exception" name="f" time="0.001"/>
  <testcase classname="TestNG.TestNG_Exception" name="h" time="0.001">
    <skipped/>
  </testcase> <!-- h -->
  <testcase classname="TestNG.TestNG_Exception" name="e" time="0.0">
    <ignored/>
  </testcase> <!-- e -->
</testsuite> <!-- Selenium23-08-2022 -->
